<?xml version="1.0" encoding="UTF-8"?>
<testng-results skipped="0" failed="0" ignored="0" total="2" passed="2">
  <reporter-output>
  </reporter-output>
  <suite name="Suite" duration-ms="21060" started-at="2018-09-09T13:18:36Z" finished-at="2018-09-09T13:18:57Z">
    <groups>
    </groups>
    <test name="Test_chrome1" duration-ms="20136" started-at="2018-09-09T13:18:36Z" finished-at="2018-09-09T13:18:56Z">
      <class name="com.Bank.Grid.testSample2">
        <test-method status="PASS" signature="Facebooklogin(java.lang.String)[pri:0, instance:com.Bank.Grid.testSample2@1e7c7811]" name="Facebooklogin" duration-ms="20018" started-at="2018-09-09T13:18:36Z" finished-at="2018-09-09T13:18:56Z">
          <params>
            <param index="0">
              <value>
                <![CDATA[chrome]]>
              </value>
            </param>
          </params>
          <reporter-output>
          </reporter-output>
        </test-method> <!-- Facebooklogin -->
      </class> <!-- com.Bank.Grid.testSample2 -->
    </test> <!-- Test_chrome1 -->
    <test name="Test_chrome2" duration-ms="21060" started-at="2018-09-09T13:18:36Z" finished-at="2018-09-09T13:18:57Z">
      <class name="com.Bank.Grid.testSample2">
        <test-method status="PASS" signature="Facebooklogin(java.lang.String)[pri:0, instance:com.Bank.Grid.testSample2@7a30d1e6]" name="Facebooklogin" duration-ms="20949" started-at="2018-09-09T13:18:36Z" finished-at="2018-09-09T13:18:57Z">
          <params>
            <param index="0">
              <value>
                <![CDATA[chrome]]>
              </value>
            </param>
          </params>
          <reporter-output>
          </reporter-output>
        </test-method> <!-- Facebooklogin -->
      </class> <!-- com.Bank.Grid.testSample2 -->
    </test> <!-- Test_chrome2 -->
  </suite> <!-- Suite -->
</testng-results>
