<?xml version="1.0" encoding="UTF-8"?>
<!-- Generated by org.testng.reporters.JUnitXMLReporter -->
<testsuite hostname="ASI-1" ignored="0" name="Test" tests="1" failures="1" timestamp="06 Sep 2018 16:42:21 GMT" time="11.57" errors="0">
  <testcase name="Login" time="11.486" classname="com.Bank.TNG1.TestCases.Test3">
    <failure type="java.lang.AssertionError" message="expected [Facebook - Log In or Sign Up1] but found [Facebook - Log In or Sign Up]">
      <![CDATA[java.lang.AssertionError: expected [Facebook - Log In or Sign Up1] but found [Facebook - Log In or Sign Up]
at com.Bank.TNG1.TestCases.Test3.Login(Test3.java:22)
... Removed 31 stack frames]]>
    </failure>
  </testcase> <!-- Login -->
</testsuite> <!-- Test -->
