<?xml version="1.0" encoding="UTF-8"?>
<!-- Generated by org.testng.reporters.JUnitXMLReporter -->
<testsuite hostname="ASI-1" ignored="0" name="Test" tests="3" failures="0" timestamp="03 Sep 2018 18:41:58 GMT" time="51.797" errors="0">
  <testcase name="Login" time="0.739" classname="com.Bank.TNG.TestCases.Login_Sample"/>
  <testcase name="EditAccount" time="13.957" classname="com.Bank.TNG.TestCases.Account_Sample"/>
  <testcase name="FBLogout" time="0.071" classname="com.Bank.TNG.TestCases.Login_Sample"/>
</testsuite> <!-- Test -->
