<?xml version="1.0" encoding="UTF-8"?>
<!-- Generated by org.testng.reporters.JUnitXMLReporter -->
<testsuite hostname="ASI-1" ignored="1" name="Default test" tests="1" failures="0" timestamp="03 Sep 2018 18:46:00 GMT" time="17.673" errors="0">
  <testcase name="FBLogout" time="0.038" classname="com.Bank.TNG.TestCases.Login_Sample"/>
  <testcase name="Login" time="0.0" classname="com.Bank.TNG.TestCases.Login_Sample">
    <ignored/>
  </testcase> <!-- Login -->
</testsuite> <!-- Default test -->
